<?xml version="1.0" encoding="UTF-8"?>
<!-- Generated by org.testng.reporters.JUnitReportReporter -->
<testsuite hostname="portatil" failures="0" tests="1" name="TestCLS" time="0.014" errors="0" timestamp="09 dic 2022 07:15:25 GMT" skipped="0">
  <testcase classname="TestCLS" name="hello" time="0.014"/>
</testsuite> <!-- TestCLS -->
