<?xml version="1.0" encoding="UTF-8"?>
<!-- Generated by org.testng.reporters.JUnitReportReporter -->
<testsuite hostname="portatil" failures="0" tests="3" name="TestEnsamblador" time="0.007" errors="0" timestamp="09 dic 2022 07:15:25 GMT" skipped="0">
  <testcase classname="TestEnsamblador" name="ensamblarCLS" time="0.001"/>
  <testcase classname="TestEnsamblador" name="ensamblarCALL" time="0.002"/>
  <testcase classname="TestEnsamblador" name="ensamblarCALLConEtiqueta" time="0.004"/>
</testsuite> <!-- TestEnsamblador -->
