<?xml version="1.0" encoding="UTF-8"?>
<!-- Generated by org.testng.reporters.JUnitReportReporter -->
<testsuite hostname="portatil" failures="0" tests="1" name="TestCALL" time="0.004" errors="0" timestamp="09 dic 2022 07:15:25 GMT" skipped="0">
  <testcase classname="TestCALL" name="testCALL" time="0.004"/>
</testsuite> <!-- TestCALL -->
