<?xml version="1.0" encoding="UTF-8"?>
<!-- Generated by org.testng.reporters.JUnitReportReporter -->
<testsuite hostname="portatil" failures="0" tests="2" name="TestSYS" time="0.000" errors="0" timestamp="09 dic 2022 07:15:25 GMT" skipped="0">
  <testcase classname="TestSYS" name="hello" time="0.000"/>
  <testcase classname="TestSYS" name="test2" time="0.000"/>
</testsuite> <!-- TestSYS -->
